<?xml version="1.0" encoding="UTF-8"?>
<!-- Generated by org.testng.reporters.JUnitXMLReporter -->
<testsuite hostname="GLM-DV-L14" ignored="5"
	name="Default test" tests="1" failures="0"
	timestamp="2020-01-29T07:14:17 EET" time="6.274" errors="0">
	<testcase name="createGistAndValidatePublicField" time="6.199"
		classname="tests.functionalTests" />
	<testcase name="createGistAndValidateDescriptionField"
		time="0.0" classname="tests.functionalTests">
		<ignored />
	</testcase> <!-- createGistAndValidateDescriptionField -->
	<testcase name="createdNewGistAndValidateGistCount" time="0.0"
		classname="tests.functionalTests">
		<ignored />
	</testcase> <!-- createdNewGistAndValidateGistCount -->
	<testcase name="getTheCountOfAllGists" time="0.0"
		classname="tests.functionalTests">
		<ignored />
	</testcase> <!-- getTheCountOfAllGists -->
	<testcase name="makeSurePublicGistsAppearInPublicSearch"
		time="0.0" classname="tests.functionalTests">
		<ignored />
	</testcase> <!-- makeSurePublicGistsAppearInPublicSearch -->
	<testcase name="createGistThenDeleteIt" time="0.0"
		classname="tests.functionalTests">
		<ignored />
	</testcase> <!-- createGistThenDeleteIt -->
</testsuite> <!-- Default test -->
