<?xml version="1.0" encoding="UTF-8"?>
<!-- Generated by org.testng.reporters.JUnitXMLReporter -->
<testsuite hostname="GLM-DV-L14" ignored="2"
	name="Happy_Scenarios" tests="4" failures="0"
	timestamp="2020-01-29T10:41:52 EET" time="14.961" errors="0">
	<testcase name="createGistAndValidateDescriptionField"
		time="4.243" classname="tests.functionalTests" />
	<testcase name="createGistAndValidatePublicField" time="2.088"
		classname="tests.functionalTests" />
	<testcase name="createGistThenDeleteIt" time="3.763"
		classname="tests.functionalTests" />
	<testcase name="makeSurePublicGistsAppearInPublicSearch"
		time="4.83" classname="tests.functionalTests" />
	<testcase name="createdNewGistAndValidateGistCount" time="0.0"
		classname="tests.functionalTests">
		<ignored />
	</testcase> <!-- createdNewGistAndValidateGistCount -->
	<testcase name="getTheCountOfAllGists" time="0.0"
		classname="tests.functionalTests">
		<ignored />
	</testcase> <!-- getTheCountOfAllGists -->
</testsuite> <!-- Happy_Scenarios -->
